Determining if the pthread_create exist failed with the following output:
Change Dir: /sad/build/CMakeFiles/CMakeTmp

Run Build Command:"/usr/bin/make" "cmTC_587e0/fast"
/usr/bin/make -f CMakeFiles/cmTC_587e0.dir/build.make CMakeFiles/cmTC_587e0.dir/build
make[1]: Entering directory '/sad/build/CMakeFiles/CMakeTmp'
Building C object CMakeFiles/cmTC_587e0.dir/CheckSymbolExists.c.o
/usr/bin/cc    -o CMakeFiles/cmTC_587e0.dir/CheckSymbolExists.c.o   -c /sad/build/CMakeFiles/CMakeTmp/CheckSymbolExists.c
Linking C executable cmTC_587e0
/opt/conda/bin/cmake -E cmake_link_script CMakeFiles/cmTC_587e0.dir/link.txt --verbose=1
/usr/bin/cc      -rdynamic CMakeFiles/cmTC_587e0.dir/CheckSymbolExists.c.o  -o cmTC_587e0 
CMakeFiles/cmTC_587e0.dir/CheckSymbolExists.c.o: In function `main':
CheckSymbolExists.c:(.text+0x1b): undefined reference to `pthread_create'
collect2: error: ld returned 1 exit status
CMakeFiles/cmTC_587e0.dir/build.make:86: recipe for target 'cmTC_587e0' failed
make[1]: *** [cmTC_587e0] Error 1
make[1]: Leaving directory '/sad/build/CMakeFiles/CMakeTmp'
Makefile:121: recipe for target 'cmTC_587e0/fast' failed
make: *** [cmTC_587e0/fast] Error 2

File /sad/build/CMakeFiles/CMakeTmp/CheckSymbolExists.c:
/* */
#include <pthread.h>

int main(int argc, char** argv)
{
  (void)argv;
#ifndef pthread_create
  return ((int*)(&pthread_create))[argc];
#else
  (void)argc;
  return 0;
#endif
}

Determining if the function pthread_create exists in the pthreads failed with the following output:
Change Dir: /sad/build/CMakeFiles/CMakeTmp

Run Build Command:"/usr/bin/make" "cmTC_d04ef/fast"
/usr/bin/make -f CMakeFiles/cmTC_d04ef.dir/build.make CMakeFiles/cmTC_d04ef.dir/build
make[1]: Entering directory '/sad/build/CMakeFiles/CMakeTmp'
Building C object CMakeFiles/cmTC_d04ef.dir/CheckFunctionExists.c.o
/usr/bin/cc   -DCHECK_FUNCTION_EXISTS=pthread_create   -o CMakeFiles/cmTC_d04ef.dir/CheckFunctionExists.c.o   -c /opt/conda/share/cmake-3.12/Modules/CheckFunctionExists.c
Linking C executable cmTC_d04ef
/opt/conda/bin/cmake -E cmake_link_script CMakeFiles/cmTC_d04ef.dir/link.txt --verbose=1
/usr/bin/cc  -DCHECK_FUNCTION_EXISTS=pthread_create    -rdynamic CMakeFiles/cmTC_d04ef.dir/CheckFunctionExists.c.o  -o cmTC_d04ef -lpthreads 
/usr/bin/ld: cannot find -lpthreads
collect2: error: ld returned 1 exit status
CMakeFiles/cmTC_d04ef.dir/build.make:86: recipe for target 'cmTC_d04ef' failed
make[1]: *** [cmTC_d04ef] Error 1
make[1]: Leaving directory '/sad/build/CMakeFiles/CMakeTmp'
Makefile:121: recipe for target 'cmTC_d04ef/fast' failed
make: *** [cmTC_d04ef/fast] Error 2


